INFO: 2025/05/11 21:33:27 main.go:50: Orchestrator server started on port 8080
INFO: 2025/05/11 21:33:33 logger.go:21: Received get task request
INFO: 2025/05/11 21:33:33 logger.go:21: No ready operations found
INFO: 2025/05/11 21:33:36 logger.go:21: Received get task request
INFO: 2025/05/11 21:33:36 logger.go:21: No ready operations found
INFO: 2025/05/11 21:33:39 logger.go:21: Received get task request
INFO: 2025/05/11 21:33:39 logger.go:21: No ready operations found
INFO: 2025/05/11 21:33:42 logger.go:21: Received get task request
INFO: 2025/05/11 21:33:42 logger.go:21: No ready operations found
INFO: 2025/05/11 21:33:45 logger.go:21: Received get task request
INFO: 2025/05/11 21:33:45 logger.go:21: No ready operations found
INFO: 2025/05/11 21:33:48 logger.go:21: Received get task request
INFO: 2025/05/11 21:33:48 logger.go:21: No ready operations found
INFO: 2025/05/11 21:33:51 logger.go:21: Received get task request
INFO: 2025/05/11 21:33:51 logger.go:21: No ready operations found
INFO: 2025/05/11 21:33:54 logger.go:21: Received get task request
INFO: 2025/05/11 21:33:54 logger.go:21: No ready operations found
INFO: 2025/05/11 21:33:57 logger.go:21: Received get task request
INFO: 2025/05/11 21:33:57 logger.go:21: No ready operations found
INFO: 2025/05/11 21:34:00 logger.go:21: Received get task request
INFO: 2025/05/11 21:34:00 logger.go:21: No ready operations found
INFO: 2025/05/11 21:34:10 main.go:50: Orchestrator server started on port 8080
INFO: 2025/05/11 21:34:19 logger.go:21: Received get task request
INFO: 2025/05/11 21:34:19 logger.go:21: No ready operations found
INFO: 2025/05/11 21:34:22 logger.go:21: Received get task request
INFO: 2025/05/11 21:34:22 logger.go:21: No ready operations found
INFO: 2025/05/11 21:34:25 logger.go:21: Received get task request
INFO: 2025/05/11 21:34:25 logger.go:21: No ready operations found
INFO: 2025/05/11 21:34:28 logger.go:21: Received get task request
INFO: 2025/05/11 21:34:28 logger.go:21: No ready operations found
INFO: 2025/05/11 21:34:31 logger.go:21: Received get task request
INFO: 2025/05/11 21:34:31 logger.go:21: No ready operations found
INFO: 2025/05/11 21:34:34 logger.go:21: Received get task request
INFO: 2025/05/11 21:34:34 logger.go:21: No ready operations found
INFO: 2025/05/11 21:34:37 logger.go:21: Received get task request
INFO: 2025/05/11 21:34:37 logger.go:21: No ready operations found
INFO: 2025/05/11 21:34:40 logger.go:21: Received get task request
INFO: 2025/05/11 21:34:40 logger.go:21: No ready operations found
INFO: 2025/05/11 21:34:43 logger.go:21: Received get task request
INFO: 2025/05/11 21:34:43 logger.go:21: No ready operations found
INFO: 2025/05/11 21:34:46 logger.go:21: Received get task request
INFO: 2025/05/11 21:34:46 logger.go:21: No ready operations found
INFO: 2025/05/11 21:34:49 logger.go:21: Received get task request
INFO: 2025/05/11 21:34:49 logger.go:21: No ready operations found
INFO: 2025/05/11 21:34:52 logger.go:21: Received get task request
INFO: 2025/05/11 21:34:52 logger.go:21: No ready operations found
INFO: 2025/05/11 21:34:54 logger.go:21: Received calculate request: 2 + 2 * 2
ERROR: 2025/05/11 21:34:54 logger.go:28: Failed to process expression: parsing time "2025-05-11T18:34:54Z" as "2006-01-02 15:04:05": cannot parse "T18:34:54Z" as " "
INFO: 2025/05/11 21:34:55 logger.go:21: Received get task request
INFO: 2025/05/11 21:34:55 logger.go:21: Found ready operation: d8aa6e99-7154-4960-bb31-986aa67dc82f
INFO: 2025/05/11 21:34:55 logger.go:21: Successfully created task response. Task: {{1028325055 2 2 * 300ms}}
INFO: 2025/05/11 21:34:55 logger.go:21: Received post task result request
INFO: 2025/05/11 21:34:55 logger.go:21: Successfully decoded task result: {1028325055 4 nil}. Task id: 1028325055
INFO: 2025/05/11 21:34:55 logger.go:21: Root operation completed, updating expression result
INFO: 2025/05/11 21:34:55 logger.go:21: Successfully processed task result. Task ID: 1028325055, Result: 4
INFO: 2025/05/11 21:34:58 logger.go:21: Received get task request
INFO: 2025/05/11 21:34:58 logger.go:21: Found ready operation: e251f6ce-5e26-4728-a0ed-955e24c80208
INFO: 2025/05/11 21:34:58 logger.go:21: Successfully created task response. Task: {{3053946233 2 4 + 5s}}
INFO: 2025/05/11 21:35:01 logger.go:21: Received get task request
INFO: 2025/05/11 21:35:01 logger.go:21: No ready operations found
INFO: 2025/05/11 21:35:03 logger.go:21: Received post task result request
INFO: 2025/05/11 21:35:03 logger.go:21: Successfully decoded task result: {3053946233 6 nil}. Task id: 3053946233
INFO: 2025/05/11 21:35:03 logger.go:21: Root operation completed, updating expression result
INFO: 2025/05/11 21:35:03 logger.go:21: Successfully processed task result. Task ID: 3053946233, Result: 6
INFO: 2025/05/11 21:35:04 logger.go:21: Received get task request
INFO: 2025/05/11 21:35:04 logger.go:21: No ready operations found
INFO: 2025/05/11 21:35:07 logger.go:21: Received get task request
INFO: 2025/05/11 21:35:07 logger.go:21: No ready operations found
INFO: 2025/05/11 21:35:10 logger.go:21: Received get task request
INFO: 2025/05/11 21:35:10 logger.go:21: No ready operations found
INFO: 2025/05/11 21:35:13 logger.go:21: Received get task request
INFO: 2025/05/11 21:35:13 logger.go:21: No ready operations found
INFO: 2025/05/11 21:35:16 logger.go:21: Received get task request
INFO: 2025/05/11 21:35:16 logger.go:21: No ready operations found
INFO: 2025/05/11 21:35:19 logger.go:21: Received get task request
INFO: 2025/05/11 21:35:19 logger.go:21: No ready operations found
INFO: 2025/05/11 21:35:22 logger.go:21: Received get task request
INFO: 2025/05/11 21:35:22 logger.go:21: No ready operations found
INFO: 2025/05/11 21:35:25 logger.go:21: Received get task request
INFO: 2025/05/11 21:35:25 logger.go:21: No ready operations found
INFO: 2025/05/11 21:35:28 logger.go:21: Received get task request
INFO: 2025/05/11 21:35:28 logger.go:21: No ready operations found
INFO: 2025/05/11 21:35:31 logger.go:21: Received get task request
INFO: 2025/05/11 21:35:31 logger.go:21: No ready operations found
INFO: 2025/05/11 21:35:34 logger.go:21: Received get task request
INFO: 2025/05/11 21:35:34 logger.go:21: No ready operations found
INFO: 2025/05/11 21:35:37 logger.go:21: Received get task request
INFO: 2025/05/11 21:35:37 logger.go:21: No ready operations found
INFO: 2025/05/11 21:35:40 logger.go:21: Received get task request
INFO: 2025/05/11 21:35:40 logger.go:21: No ready operations found
INFO: 2025/05/11 21:35:43 logger.go:21: Received get task request
INFO: 2025/05/11 21:35:43 logger.go:21: No ready operations found
INFO: 2025/05/11 21:35:46 logger.go:21: Received get task request
INFO: 2025/05/11 21:35:46 logger.go:21: No ready operations found
INFO: 2025/05/11 21:35:49 logger.go:21: Received get task request
INFO: 2025/05/11 21:35:49 logger.go:21: No ready operations found
INFO: 2025/05/11 21:35:52 logger.go:21: Received get task request
INFO: 2025/05/11 21:35:52 logger.go:21: No ready operations found
INFO: 2025/05/11 21:35:55 logger.go:21: Received get task request
INFO: 2025/05/11 21:35:55 logger.go:21: No ready operations found
INFO: 2025/05/11 21:35:58 logger.go:21: Received get task request
INFO: 2025/05/11 21:35:58 logger.go:21: No ready operations found
INFO: 2025/05/11 21:36:01 logger.go:21: Received get task request
INFO: 2025/05/11 21:36:01 logger.go:21: No ready operations found
INFO: 2025/05/11 21:38:05 main.go:50: Orchestrator server started on port 8080
INFO: 2025/05/11 21:38:11 logger.go:21: Received get task request
INFO: 2025/05/11 21:38:11 logger.go:21: No ready operations found
INFO: 2025/05/11 21:38:14 logger.go:21: Received get task request
INFO: 2025/05/11 21:38:14 logger.go:21: No ready operations found
INFO: 2025/05/11 21:38:17 logger.go:21: Received get task request
INFO: 2025/05/11 21:38:17 logger.go:21: No ready operations found
INFO: 2025/05/11 21:38:20 logger.go:21: Received get task request
INFO: 2025/05/11 21:38:20 logger.go:21: No ready operations found
INFO: 2025/05/11 21:38:23 logger.go:21: Received get task request
INFO: 2025/05/11 21:38:23 logger.go:21: No ready operations found
INFO: 2025/05/11 21:38:26 logger.go:21: Received get task request
INFO: 2025/05/11 21:38:26 logger.go:21: No ready operations found
INFO: 2025/05/11 21:38:29 logger.go:21: Received get task request
INFO: 2025/05/11 21:38:29 logger.go:21: No ready operations found
INFO: 2025/05/11 21:38:32 logger.go:21: Received get task request
INFO: 2025/05/11 21:38:32 logger.go:21: No ready operations found
INFO: 2025/05/11 21:38:35 logger.go:21: Received get task request
INFO: 2025/05/11 21:38:35 logger.go:21: No ready operations found
INFO: 2025/05/11 21:38:38 logger.go:21: Received get task request
INFO: 2025/05/11 21:38:38 logger.go:21: No ready operations found
INFO: 2025/05/11 21:38:41 logger.go:21: Received get task request
INFO: 2025/05/11 21:38:41 logger.go:21: No ready operations found
INFO: 2025/05/11 21:38:44 logger.go:21: Received calculate request: 2 + 2 * 2
INFO: 2025/05/11 21:38:44 logger.go:21: Received get task request
INFO: 2025/05/11 21:38:44 logger.go:21: Found ready operation: fd0c2879-5108-4b69-a78f-0db0b3ccfc21
INFO: 2025/05/11 21:38:44 logger.go:21: Successfully created task response. Task: {{2650849804 2 2 * 300ms}}
INFO: 2025/05/11 21:38:45 logger.go:21: Received post task result request
INFO: 2025/05/11 21:38:45 logger.go:21: Successfully decoded task result: {2650849804 4 nil}. Task id: 2650849804
INFO: 2025/05/11 21:38:45 logger.go:21: Root operation completed, updating expression result
INFO: 2025/05/11 21:38:45 logger.go:21: Successfully processed task result. Task ID: 2650849804, Result: 4
INFO: 2025/05/11 21:38:47 logger.go:21: Received get task request
INFO: 2025/05/11 21:38:47 logger.go:21: Found ready operation: 388f6c56-c403-4ea5-aeff-6e7f231f8e6a
INFO: 2025/05/11 21:38:47 logger.go:21: Successfully created task response. Task: {{639438377 2 4 + 5s}}
INFO: 2025/05/11 21:38:50 logger.go:21: Received get task request
INFO: 2025/05/11 21:38:50 logger.go:21: No ready operations found
INFO: 2025/05/11 21:38:52 logger.go:21: Received post task result request
INFO: 2025/05/11 21:38:52 logger.go:21: Successfully decoded task result: {639438377 6 nil}. Task id: 639438377
INFO: 2025/05/11 21:38:52 logger.go:21: Root operation completed, updating expression result
INFO: 2025/05/11 21:38:52 logger.go:21: Successfully processed task result. Task ID: 639438377, Result: 6
INFO: 2025/05/11 21:38:53 logger.go:21: Received get task request
INFO: 2025/05/11 21:38:53 logger.go:21: No ready operations found
INFO: 2025/05/11 21:38:56 logger.go:21: Received get task request
INFO: 2025/05/11 21:38:56 logger.go:21: No ready operations found
INFO: 2025/05/11 21:38:59 logger.go:21: Received get task request
INFO: 2025/05/11 21:38:59 logger.go:21: No ready operations found
INFO: 2025/05/11 21:39:02 logger.go:21: Received get task request
INFO: 2025/05/11 21:39:02 logger.go:21: No ready operations found
INFO: 2025/05/11 21:39:05 logger.go:21: Received get task request
INFO: 2025/05/11 21:39:05 logger.go:21: No ready operations found
INFO: 2025/05/11 21:39:08 logger.go:21: Received get task request
INFO: 2025/05/11 21:39:08 logger.go:21: No ready operations found
INFO: 2025/05/11 21:39:11 logger.go:21: Received get task request
INFO: 2025/05/11 21:39:11 logger.go:21: No ready operations found
INFO: 2025/05/11 21:39:14 logger.go:21: Received get task request
INFO: 2025/05/11 21:39:14 logger.go:21: No ready operations found
INFO: 2025/05/11 21:39:17 logger.go:21: Received get task request
INFO: 2025/05/11 21:39:17 logger.go:21: No ready operations found
INFO: 2025/05/11 21:39:20 logger.go:21: Received get task request
INFO: 2025/05/11 21:39:20 logger.go:21: No ready operations found
INFO: 2025/05/11 21:39:23 logger.go:21: Received get task request
INFO: 2025/05/11 21:39:23 logger.go:21: No ready operations found
INFO: 2025/05/11 21:39:26 logger.go:21: Received get task request
INFO: 2025/05/11 21:39:26 logger.go:21: No ready operations found
INFO: 2025/05/11 21:39:29 logger.go:21: Received get task request
INFO: 2025/05/11 21:39:29 logger.go:21: No ready operations found
INFO: 2025/05/11 21:39:32 logger.go:21: Received get task request
INFO: 2025/05/11 21:39:32 logger.go:21: No ready operations found
INFO: 2025/05/11 21:39:35 logger.go:21: Received get task request
INFO: 2025/05/11 21:39:35 logger.go:21: No ready operations found
INFO: 2025/05/11 21:39:38 logger.go:21: Received get task request
INFO: 2025/05/11 21:39:38 logger.go:21: No ready operations found
INFO: 2025/05/11 21:39:40 logger.go:21: Received get expression by id request: 3296658891
INFO: 2025/05/11 21:39:40 logger.go:21: Processing get expression by id request: 3296658891
ERROR: 2025/05/11 21:39:40 logger.go:28: Expression not found: 3296658891
INFO: 2025/05/11 21:39:41 logger.go:21: Received get task request
INFO: 2025/05/11 21:39:41 logger.go:21: No ready operations found
INFO: 2025/05/11 21:39:44 logger.go:21: Received get task request
INFO: 2025/05/11 21:39:44 logger.go:21: No ready operations found
INFO: 2025/05/11 21:39:47 logger.go:21: Received get task request
INFO: 2025/05/11 21:39:47 logger.go:21: No ready operations found
INFO: 2025/05/11 21:39:50 logger.go:21: Received get task request
INFO: 2025/05/11 21:39:50 logger.go:21: No ready operations found
INFO: 2025/05/11 21:39:53 logger.go:21: Received get task request
INFO: 2025/05/11 21:39:53 logger.go:21: No ready operations found
INFO: 2025/05/11 21:39:56 logger.go:21: Received get task request
INFO: 2025/05/11 21:39:56 logger.go:21: No ready operations found
INFO: 2025/05/11 21:39:59 logger.go:21: Received get task request
INFO: 2025/05/11 21:39:59 logger.go:21: No ready operations found
INFO: 2025/05/11 21:40:02 logger.go:21: Received get task request
INFO: 2025/05/11 21:40:02 logger.go:21: No ready operations found
INFO: 2025/05/11 21:40:05 logger.go:21: Received get task request
INFO: 2025/05/11 21:40:05 logger.go:21: No ready operations found
INFO: 2025/05/11 21:40:08 logger.go:21: Received get task request
INFO: 2025/05/11 21:40:08 logger.go:21: No ready operations found
INFO: 2025/05/11 21:40:11 logger.go:21: Received get task request
INFO: 2025/05/11 21:40:11 logger.go:21: No ready operations found
INFO: 2025/05/11 21:40:14 logger.go:21: Received get task request
INFO: 2025/05/11 21:40:14 logger.go:21: No ready operations found
INFO: 2025/05/11 21:40:18 logger.go:21: Received get task request
INFO: 2025/05/11 21:40:18 logger.go:21: No ready operations found
INFO: 2025/05/11 21:40:21 logger.go:21: Received get task request
INFO: 2025/05/11 21:40:21 logger.go:21: No ready operations found
INFO: 2025/05/11 21:40:24 logger.go:21: Received get task request
INFO: 2025/05/11 21:40:24 logger.go:21: No ready operations found
INFO: 2025/05/11 21:40:27 logger.go:21: Received get task request
INFO: 2025/05/11 21:40:27 logger.go:21: No ready operations found
INFO: 2025/05/11 21:40:30 logger.go:21: Received get task request
INFO: 2025/05/11 21:40:30 logger.go:21: No ready operations found
INFO: 2025/05/11 21:40:33 logger.go:21: Received get task request
INFO: 2025/05/11 21:40:33 logger.go:21: No ready operations found
INFO: 2025/05/12 00:28:16 main.go:50: Orchestrator server started on port 8080
INFO: 2025/05/12 00:28:27 main.go:50: Orchestrator server started on port 8080
INFO: 2025/05/12 00:28:35 logger.go:21: Received get task request
ERROR: 2025/05/12 00:28:35 logger.go:28: Failed to get ready operation from DB: no such column: child_position
INFO: 2025/05/12 00:29:30 logger.go:21: Received calculate request: 2 + 2 * 2
INFO: 2025/05/12 00:29:59 logger.go:21: Received get expression by id request: 1
INFO: 2025/05/12 00:29:59 logger.go:21: Processing get expression by id request: 1
INFO: 2025/05/12 00:30:12 logger.go:21: Received get expression by id request: 1
INFO: 2025/05/12 00:30:12 logger.go:21: Processing get expression by id request: 1
INFO: 2025/05/12 00:30:25 logger.go:21: Received get expressions request
ERROR: 2025/05/12 00:30:25 logger.go:28: Failed to get expressions: parsing time "2025-05-11T21:29:30Z" as "2006-01-02 15:04:05": cannot parse "T21:29:30Z" as " "
INFO: 2025/05/12 00:32:44 main.go:50: Orchestrator server started on port 8080
INFO: 2025/05/12 00:32:50 logger.go:21: Received get task request
INFO: 2025/05/12 00:32:50 logger.go:21: No ready operations found
INFO: 2025/05/12 00:33:00 logger.go:21: Received calculate request: 2 + 2 * 2
INFO: 2025/05/12 00:33:04 logger.go:21: Received get expression by id request: 1
INFO: 2025/05/12 00:33:04 logger.go:21: Processing get expression by id request: 1
INFO: 2025/05/12 00:33:17 logger.go:21: Received get expressions request
INFO: 2025/05/12 00:34:06 logger.go:21: Received get expression by id request: 1
INFO: 2025/05/12 00:34:06 logger.go:21: Processing get expression by id request: 1
INFO: 2025/05/12 00:34:07 logger.go:21: Received get expression by id request: 1
INFO: 2025/05/12 00:34:07 logger.go:21: Processing get expression by id request: 1
INFO: 2025/05/12 00:34:08 logger.go:21: Received get expression by id request: 1
INFO: 2025/05/12 00:34:08 logger.go:21: Processing get expression by id request: 1
INFO: 2025/05/12 00:34:08 logger.go:21: Received get expression by id request: 1
INFO: 2025/05/12 00:34:08 logger.go:21: Processing get expression by id request: 1
INFO: 2025/05/12 00:34:08 logger.go:21: Received get expression by id request: 1
INFO: 2025/05/12 00:34:08 logger.go:21: Processing get expression by id request: 1
INFO: 2025/05/12 00:35:30 main.go:50: Orchestrator server started on port 8080
INFO: 2025/05/12 00:35:36 logger.go:21: Received get task request
INFO: 2025/05/12 00:35:36 logger.go:21: No ready operations found
INFO: 2025/05/12 00:35:41 logger.go:21: Received calculate request: 2 + 2 * 2
INFO: 2025/05/12 00:35:47 logger.go:21: Received get expression by id request: 1
INFO: 2025/05/12 00:35:47 logger.go:21: Processing get expression by id request: 1
INFO: 2025/05/12 00:50:12 main.go:50: Orchestrator server started on port 8080
INFO: 2025/05/12 00:50:18 logger.go:21: Received get task request
INFO: 2025/05/12 00:50:18 logger.go:21: No ready operations found
INFO: 2025/05/12 00:51:09 logger.go:21: Received get task request
INFO: 2025/05/12 00:51:09 logger.go:21: No ready operations found
INFO: 2025/05/12 00:54:23 main.go:50: Orchestrator server started on port 8080
INFO: 2025/05/12 00:54:29 logger.go:21: Received get task request
INFO: 2025/05/12 00:54:29 logger.go:21: No ready operations found
INFO: 2025/05/12 00:54:32 logger.go:21: Received get task request
INFO: 2025/05/12 00:54:32 logger.go:21: No ready operations found
INFO: 2025/05/12 00:54:35 logger.go:21: Received get task request
INFO: 2025/05/12 00:54:35 logger.go:21: No ready operations found
INFO: 2025/05/12 00:54:38 logger.go:21: Received get task request
INFO: 2025/05/12 00:54:38 logger.go:21: No ready operations found
INFO: 2025/05/12 00:54:41 logger.go:21: Received get task request
INFO: 2025/05/12 00:54:41 logger.go:21: No ready operations found
INFO: 2025/05/12 00:54:44 logger.go:21: Received get task request
INFO: 2025/05/12 00:54:44 logger.go:21: No ready operations found
INFO: 2025/05/12 00:54:47 logger.go:21: Received get task request
INFO: 2025/05/12 00:54:47 logger.go:21: No ready operations found
INFO: 2025/05/12 00:54:50 logger.go:21: Received get task request
INFO: 2025/05/12 00:54:50 logger.go:21: No ready operations found
INFO: 2025/05/12 00:54:53 logger.go:21: Received get task request
INFO: 2025/05/12 00:54:53 logger.go:21: No ready operations found
INFO: 2025/05/12 00:54:56 logger.go:21: Received get task request
INFO: 2025/05/12 00:54:56 logger.go:21: No ready operations found
INFO: 2025/05/12 00:54:59 logger.go:21: Received get task request
INFO: 2025/05/12 00:54:59 logger.go:21: No ready operations found
INFO: 2025/05/12 00:55:02 logger.go:21: Received get task request
INFO: 2025/05/12 00:55:02 logger.go:21: No ready operations found
INFO: 2025/05/12 00:55:05 logger.go:21: Received get task request
INFO: 2025/05/12 00:55:05 logger.go:21: No ready operations found
INFO: 2025/05/12 00:55:07 logger.go:21: Received calculate request: 2 + 2 * 2
INFO: 2025/05/12 00:55:08 logger.go:21: Received get task request
ERROR: 2025/05/12 00:55:08 logger.go:28: Failed to get ready operation from DB: parsing time "2025-05-11T21:55:07Z" as "2006-01-02 15:04:05": cannot parse "T21:55:07Z" as " "
INFO: 2025/05/12 00:55:11 logger.go:21: Received get task request
ERROR: 2025/05/12 00:55:11 logger.go:28: Failed to get ready operation from DB: parsing time "2025-05-11T21:55:07Z" as "2006-01-02 15:04:05": cannot parse "T21:55:07Z" as " "
INFO: 2025/05/12 00:55:14 logger.go:21: Received get task request
ERROR: 2025/05/12 00:55:14 logger.go:28: Failed to get ready operation from DB: parsing time "2025-05-11T21:55:07Z" as "2006-01-02 15:04:05": cannot parse "T21:55:07Z" as " "
INFO: 2025/05/12 00:55:17 logger.go:21: Received get task request
ERROR: 2025/05/12 00:55:17 logger.go:28: Failed to get ready operation from DB: parsing time "2025-05-11T21:55:07Z" as "2006-01-02 15:04:05": cannot parse "T21:55:07Z" as " "
INFO: 2025/05/12 00:55:20 logger.go:21: Received get task request
ERROR: 2025/05/12 00:55:20 logger.go:28: Failed to get ready operation from DB: parsing time "2025-05-11T21:55:07Z" as "2006-01-02 15:04:05": cannot parse "T21:55:07Z" as " "
INFO: 2025/05/12 00:55:23 logger.go:21: Received get task request
ERROR: 2025/05/12 00:55:23 logger.go:28: Failed to get ready operation from DB: parsing time "2025-05-11T21:55:07Z" as "2006-01-02 15:04:05": cannot parse "T21:55:07Z" as " "
INFO: 2025/05/12 00:55:25 logger.go:21: Received get expressions request
INFO: 2025/05/12 00:55:26 logger.go:21: Received get task request
ERROR: 2025/05/12 00:55:26 logger.go:28: Failed to get ready operation from DB: parsing time "2025-05-11T21:55:07Z" as "2006-01-02 15:04:05": cannot parse "T21:55:07Z" as " "
INFO: 2025/05/12 00:55:28 logger.go:21: Received get expressions request
INFO: 2025/05/12 00:55:29 logger.go:21: Received get task request
ERROR: 2025/05/12 00:55:29 logger.go:28: Failed to get ready operation from DB: parsing time "2025-05-11T21:55:07Z" as "2006-01-02 15:04:05": cannot parse "T21:55:07Z" as " "
INFO: 2025/05/12 00:55:29 logger.go:21: Received get expressions request
INFO: 2025/05/12 00:55:30 logger.go:21: Received get expressions request
INFO: 2025/05/12 00:55:31 logger.go:21: Received get expressions request
INFO: 2025/05/12 00:55:32 logger.go:21: Received get expressions request
INFO: 2025/05/12 00:55:32 logger.go:21: Received get task request
ERROR: 2025/05/12 00:55:32 logger.go:28: Failed to get ready operation from DB: parsing time "2025-05-11T21:55:07Z" as "2006-01-02 15:04:05": cannot parse "T21:55:07Z" as " "
INFO: 2025/05/12 00:55:33 logger.go:21: Received get expressions request
INFO: 2025/05/12 00:55:33 logger.go:21: Received get expressions request
INFO: 2025/05/12 00:55:34 logger.go:21: Received get expressions request
INFO: 2025/05/12 00:55:35 logger.go:21: Received get task request
ERROR: 2025/05/12 00:55:35 logger.go:28: Failed to get ready operation from DB: parsing time "2025-05-11T21:55:07Z" as "2006-01-02 15:04:05": cannot parse "T21:55:07Z" as " "
INFO: 2025/05/12 00:55:38 logger.go:21: Received get task request
ERROR: 2025/05/12 00:55:38 logger.go:28: Failed to get ready operation from DB: parsing time "2025-05-11T21:55:07Z" as "2006-01-02 15:04:05": cannot parse "T21:55:07Z" as " "
INFO: 2025/05/12 00:55:41 logger.go:21: Received get task request
ERROR: 2025/05/12 00:55:41 logger.go:28: Failed to get ready operation from DB: parsing time "2025-05-11T21:55:07Z" as "2006-01-02 15:04:05": cannot parse "T21:55:07Z" as " "
INFO: 2025/05/12 00:55:44 logger.go:21: Received get task request
ERROR: 2025/05/12 00:55:44 logger.go:28: Failed to get ready operation from DB: parsing time "2025-05-11T21:55:07Z" as "2006-01-02 15:04:05": cannot parse "T21:55:07Z" as " "
INFO: 2025/05/12 00:55:47 logger.go:21: Received get task request
ERROR: 2025/05/12 00:55:47 logger.go:28: Failed to get ready operation from DB: parsing time "2025-05-11T21:55:07Z" as "2006-01-02 15:04:05": cannot parse "T21:55:07Z" as " "
INFO: 2025/05/12 00:55:50 logger.go:21: Received get task request
ERROR: 2025/05/12 00:55:50 logger.go:28: Failed to get ready operation from DB: parsing time "2025-05-11T21:55:07Z" as "2006-01-02 15:04:05": cannot parse "T21:55:07Z" as " "
INFO: 2025/05/12 00:55:53 logger.go:21: Received get task request
ERROR: 2025/05/12 00:55:53 logger.go:28: Failed to get ready operation from DB: parsing time "2025-05-11T21:55:07Z" as "2006-01-02 15:04:05": cannot parse "T21:55:07Z" as " "
INFO: 2025/05/12 00:55:56 logger.go:21: Received get task request
ERROR: 2025/05/12 00:55:56 logger.go:28: Failed to get ready operation from DB: parsing time "2025-05-11T21:55:07Z" as "2006-01-02 15:04:05": cannot parse "T21:55:07Z" as " "
INFO: 2025/05/12 00:55:59 logger.go:21: Received get task request
ERROR: 2025/05/12 00:55:59 logger.go:28: Failed to get ready operation from DB: parsing time "2025-05-11T21:55:07Z" as "2006-01-02 15:04:05": cannot parse "T21:55:07Z" as " "
INFO: 2025/05/12 00:56:02 logger.go:21: Received get task request
ERROR: 2025/05/12 00:56:02 logger.go:28: Failed to get ready operation from DB: parsing time "2025-05-11T21:55:07Z" as "2006-01-02 15:04:05": cannot parse "T21:55:07Z" as " "
INFO: 2025/05/12 00:56:05 logger.go:21: Received get task request
ERROR: 2025/05/12 00:56:05 logger.go:28: Failed to get ready operation from DB: parsing time "2025-05-11T21:55:07Z" as "2006-01-02 15:04:05": cannot parse "T21:55:07Z" as " "
INFO: 2025/05/12 00:56:08 logger.go:21: Received get task request
ERROR: 2025/05/12 00:56:08 logger.go:28: Failed to get ready operation from DB: parsing time "2025-05-11T21:55:07Z" as "2006-01-02 15:04:05": cannot parse "T21:55:07Z" as " "
INFO: 2025/05/12 00:56:11 logger.go:21: Received get task request
ERROR: 2025/05/12 00:56:11 logger.go:28: Failed to get ready operation from DB: parsing time "2025-05-11T21:55:07Z" as "2006-01-02 15:04:05": cannot parse "T21:55:07Z" as " "
INFO: 2025/05/12 00:56:14 logger.go:21: Received get task request
ERROR: 2025/05/12 00:56:14 logger.go:28: Failed to get ready operation from DB: parsing time "2025-05-11T21:55:07Z" as "2006-01-02 15:04:05": cannot parse "T21:55:07Z" as " "
INFO: 2025/05/12 00:56:17 logger.go:21: Received get task request
ERROR: 2025/05/12 00:56:17 logger.go:28: Failed to get ready operation from DB: parsing time "2025-05-11T21:55:07Z" as "2006-01-02 15:04:05": cannot parse "T21:55:07Z" as " "
INFO: 2025/05/12 00:56:20 logger.go:21: Received get task request
ERROR: 2025/05/12 00:56:20 logger.go:28: Failed to get ready operation from DB: parsing time "2025-05-11T21:55:07Z" as "2006-01-02 15:04:05": cannot parse "T21:55:07Z" as " "
INFO: 2025/05/12 00:56:23 logger.go:21: Received get task request
ERROR: 2025/05/12 00:56:23 logger.go:28: Failed to get ready operation from DB: parsing time "2025-05-11T21:55:07Z" as "2006-01-02 15:04:05": cannot parse "T21:55:07Z" as " "
INFO: 2025/05/12 00:56:26 logger.go:21: Received get task request
ERROR: 2025/05/12 00:56:26 logger.go:28: Failed to get ready operation from DB: parsing time "2025-05-11T21:55:07Z" as "2006-01-02 15:04:05": cannot parse "T21:55:07Z" as " "
INFO: 2025/05/12 00:59:30 main.go:50: Orchestrator server started on port 8080
INFO: 2025/05/12 00:59:39 logger.go:21: Received get task request
INFO: 2025/05/12 00:59:39 logger.go:21: Operation args: left=2, right=2
INFO: 2025/05/12 00:59:39 logger.go:21: Operation time: 300ms
INFO: 2025/05/12 00:59:39 logger.go:21: Successfully created task response. Task: {{2 2 2 * 300ms}}
INFO: 2025/05/12 00:59:39 logger.go:21: Received post task result request
INFO: 2025/05/12 00:59:39 logger.go:21: Successfully decoded task result: {2 4 nil}. Task id: 2
INFO: 2025/05/12 00:59:39 logger.go:21: Successfully processed task result. Task ID: 2, Result: 4
INFO: 2025/05/12 00:59:42 logger.go:21: Received get task request
INFO: 2025/05/12 00:59:42 logger.go:21: No ready operations found
INFO: 2025/05/12 00:59:45 logger.go:21: Received get task request
INFO: 2025/05/12 00:59:45 logger.go:21: No ready operations found
INFO: 2025/05/12 01:00:17 main.go:50: Orchestrator server started on port 8080
INFO: 2025/05/12 01:00:33 logger.go:21: Received get task request
INFO: 2025/05/12 01:00:33 logger.go:21: No ready operations found
INFO: 2025/05/12 01:00:36 logger.go:21: Received get task request
INFO: 2025/05/12 01:00:36 logger.go:21: No ready operations found
INFO: 2025/05/12 01:00:39 logger.go:21: Received get task request
INFO: 2025/05/12 01:00:39 logger.go:21: No ready operations found
INFO: 2025/05/12 01:00:42 logger.go:21: Received get task request
INFO: 2025/05/12 01:00:42 logger.go:21: No ready operations found
INFO: 2025/05/12 01:00:45 logger.go:21: Received get task request
INFO: 2025/05/12 01:00:45 logger.go:21: No ready operations found
INFO: 2025/05/12 01:00:48 logger.go:21: Received get task request
INFO: 2025/05/12 01:00:48 logger.go:21: No ready operations found
INFO: 2025/05/12 01:00:51 logger.go:21: Received get task request
INFO: 2025/05/12 01:00:51 logger.go:21: No ready operations found
INFO: 2025/05/12 01:00:54 logger.go:21: Received get task request
INFO: 2025/05/12 01:00:54 logger.go:21: No ready operations found
INFO: 2025/05/12 01:00:57 logger.go:21: Received get task request
INFO: 2025/05/12 01:00:57 logger.go:21: No ready operations found
INFO: 2025/05/12 01:01:00 logger.go:21: Received get task request
INFO: 2025/05/12 01:01:00 logger.go:21: No ready operations found
INFO: 2025/05/12 01:01:01 logger.go:21: Received calculate request: 2 + 2 * 2
INFO: 2025/05/12 01:01:03 logger.go:21: Received get task request
INFO: 2025/05/12 01:01:03 logger.go:21: Operation args: left=2, right=2
INFO: 2025/05/12 01:01:03 logger.go:21: Operation time: 300ms
INFO: 2025/05/12 01:01:03 logger.go:21: Successfully created task response. Task: {{2 2 2 * 300ms}}
INFO: 2025/05/12 01:01:04 logger.go:21: Received post task result request
INFO: 2025/05/12 01:01:04 logger.go:21: Successfully decoded task result: {2 4 nil}. Task id: 2
INFO: 2025/05/12 01:01:04 logger.go:21: Successfully processed task result. Task ID: 2, Result: 4
INFO: 2025/05/12 01:01:06 logger.go:21: Received get task request
INFO: 2025/05/12 01:01:06 logger.go:21: No ready operations found
INFO: 2025/05/12 01:01:08 logger.go:21: Received get expressions request
INFO: 2025/05/12 01:01:09 logger.go:21: Received get expressions request
INFO: 2025/05/12 01:01:09 logger.go:21: Received get task request
INFO: 2025/05/12 01:01:09 logger.go:21: No ready operations found
INFO: 2025/05/12 01:01:10 logger.go:21: Received get expressions request
INFO: 2025/05/12 01:01:12 logger.go:21: Received get task request
INFO: 2025/05/12 01:01:12 logger.go:21: No ready operations found
INFO: 2025/05/12 01:01:15 logger.go:21: Received get task request
INFO: 2025/05/12 01:01:15 logger.go:21: No ready operations found
INFO: 2025/05/12 01:01:18 logger.go:21: Received get task request
INFO: 2025/05/12 01:01:18 logger.go:21: No ready operations found
INFO: 2025/05/12 01:01:21 logger.go:21: Received get task request
INFO: 2025/05/12 01:01:21 logger.go:21: No ready operations found
INFO: 2025/05/12 01:01:24 logger.go:21: Received get task request
INFO: 2025/05/12 01:01:24 logger.go:21: No ready operations found
INFO: 2025/05/12 01:01:27 logger.go:21: Received get task request
INFO: 2025/05/12 01:01:27 logger.go:21: No ready operations found
INFO: 2025/05/12 01:01:30 logger.go:21: Received get task request
INFO: 2025/05/12 01:01:30 logger.go:21: No ready operations found
INFO: 2025/05/12 01:01:33 logger.go:21: Received get task request
INFO: 2025/05/12 01:01:33 logger.go:21: No ready operations found
INFO: 2025/05/12 01:01:35 logger.go:21: Received get expressions request
INFO: 2025/05/12 01:01:36 logger.go:21: Received get expressions request
INFO: 2025/05/12 01:01:36 logger.go:21: Received get task request
INFO: 2025/05/12 01:01:36 logger.go:21: No ready operations found
INFO: 2025/05/12 01:01:39 logger.go:21: Received get task request
INFO: 2025/05/12 01:01:39 logger.go:21: No ready operations found
INFO: 2025/05/12 01:01:42 logger.go:21: Received get task request
INFO: 2025/05/12 01:01:42 logger.go:21: No ready operations found
INFO: 2025/05/12 01:01:45 logger.go:21: Received get task request
INFO: 2025/05/12 01:01:45 logger.go:21: No ready operations found
INFO: 2025/05/12 01:01:48 logger.go:21: Received get task request
INFO: 2025/05/12 01:01:48 logger.go:21: No ready operations found
INFO: 2025/05/12 01:01:51 logger.go:21: Received get task request
INFO: 2025/05/12 01:01:51 logger.go:21: No ready operations found
INFO: 2025/05/12 01:01:54 logger.go:21: Received get task request
INFO: 2025/05/12 01:01:54 logger.go:21: No ready operations found
INFO: 2025/05/12 01:01:57 logger.go:21: Received get task request
INFO: 2025/05/12 01:01:57 logger.go:21: No ready operations found
INFO: 2025/05/12 01:02:00 logger.go:21: Received get task request
INFO: 2025/05/12 01:02:00 logger.go:21: No ready operations found
INFO: 2025/05/12 01:04:34 main.go:50: Orchestrator server started on port 8080
INFO: 2025/05/12 01:04:40 logger.go:21: Received get task request
INFO: 2025/05/12 01:04:40 logger.go:21: No ready operations found
INFO: 2025/05/12 01:04:43 logger.go:21: Received get task request
INFO: 2025/05/12 01:04:43 logger.go:21: No ready operations found
INFO: 2025/05/12 01:04:46 logger.go:21: Received get task request
INFO: 2025/05/12 01:04:46 logger.go:21: No ready operations found
INFO: 2025/05/12 01:04:49 logger.go:21: Received get task request
INFO: 2025/05/12 01:04:49 logger.go:21: No ready operations found
INFO: 2025/05/12 01:04:52 logger.go:21: Received get task request
INFO: 2025/05/12 01:04:52 logger.go:21: No ready operations found
INFO: 2025/05/12 01:04:55 logger.go:21: Received get task request
INFO: 2025/05/12 01:04:55 logger.go:21: No ready operations found
INFO: 2025/05/12 01:04:58 logger.go:21: Received get task request
INFO: 2025/05/12 01:04:58 logger.go:21: No ready operations found
INFO: 2025/05/12 01:05:01 logger.go:21: Received get task request
INFO: 2025/05/12 01:05:01 logger.go:21: No ready operations found
INFO: 2025/05/12 01:05:04 logger.go:21: Received get task request
INFO: 2025/05/12 01:05:04 logger.go:21: No ready operations found
INFO: 2025/05/12 01:05:06 logger.go:21: Received calculate request: 2 + 2 * 2
INFO: 2025/05/12 01:05:07 logger.go:21: Received get task request
INFO: 2025/05/12 01:05:07 logger.go:21: Operation args: left=2, right=2
INFO: 2025/05/12 01:05:07 logger.go:21: Operation time: 300ms
INFO: 2025/05/12 01:05:07 logger.go:21: Successfully created task response. Task: {{2 2 2 * 300ms}}
INFO: 2025/05/12 01:05:07 logger.go:21: Received post task result request
INFO: 2025/05/12 01:05:07 logger.go:21: Successfully decoded task result: {2 4 nil}. Task id: 2
INFO: 2025/05/12 01:05:07 logger.go:21: Successfully processed task result. Task ID: 2, Result: 4
INFO: 2025/05/12 01:05:10 logger.go:21: Received get task request
INFO: 2025/05/12 01:05:10 logger.go:21: Operation args: left=2, right=4
INFO: 2025/05/12 01:05:10 logger.go:21: Operation time: 5s
INFO: 2025/05/12 01:05:10 logger.go:21: Successfully created task response. Task: {{1 2 4 + 5s}}
INFO: 2025/05/12 01:05:13 logger.go:21: Received get task request
INFO: 2025/05/12 01:05:13 logger.go:21: No ready operations found
INFO: 2025/05/12 01:05:14 logger.go:21: Received get expressions request
INFO: 2025/05/12 01:05:15 logger.go:21: Received post task result request
INFO: 2025/05/12 01:05:15 logger.go:21: Successfully decoded task result: {1 6 nil}. Task id: 1
INFO: 2025/05/12 01:05:15 logger.go:21: Root operation completed, updating expression result
INFO: 2025/05/12 01:05:15 logger.go:21: Successfully processed task result. Task ID: 1, Result: 6
INFO: 2025/05/12 01:05:15 logger.go:21: Received get expressions request
INFO: 2025/05/12 01:05:16 logger.go:21: Received get task request
INFO: 2025/05/12 01:05:16 logger.go:21: No ready operations found
INFO: 2025/05/12 01:05:16 logger.go:21: Received get expressions request
INFO: 2025/05/12 01:05:18 logger.go:21: Received get expressions request
INFO: 2025/05/12 01:05:19 logger.go:21: Received get task request
INFO: 2025/05/12 01:05:19 logger.go:21: No ready operations found
INFO: 2025/05/12 01:05:22 logger.go:21: Received get task request
INFO: 2025/05/12 01:05:22 logger.go:21: No ready operations found
INFO: 2025/05/12 01:05:25 logger.go:21: Received get task request
INFO: 2025/05/12 01:05:25 logger.go:21: No ready operations found
INFO: 2025/05/12 01:05:28 logger.go:21: Received get task request
INFO: 2025/05/12 01:05:28 logger.go:21: No ready operations found
INFO: 2025/05/12 01:05:31 logger.go:21: Received get task request
INFO: 2025/05/12 01:05:31 logger.go:21: No ready operations found
INFO: 2025/05/12 01:05:34 logger.go:21: Received get task request
INFO: 2025/05/12 01:05:34 logger.go:21: No ready operations found
INFO: 2025/05/12 01:05:37 logger.go:21: Received get task request
INFO: 2025/05/12 01:05:37 logger.go:21: No ready operations found
INFO: 2025/05/12 01:05:40 logger.go:21: Received get task request
INFO: 2025/05/12 01:05:40 logger.go:21: No ready operations found
INFO: 2025/05/12 01:05:43 logger.go:21: Received get task request
INFO: 2025/05/12 01:05:43 logger.go:21: No ready operations found
INFO: 2025/05/12 01:05:46 logger.go:21: Received calculate request: 12 +
INFO: 2025/05/12 01:05:46 logger.go:21: Error after ParseExpr: 1:5: expected operand, found 'EOF'
INFO: 2025/05/12 01:05:46 logger.go:21: Received get task request
INFO: 2025/05/12 01:05:46 logger.go:21: No ready operations found
INFO: 2025/05/12 01:05:49 logger.go:21: Received get task request
INFO: 2025/05/12 01:05:49 logger.go:21: No ready operations found
INFO: 2025/05/12 01:05:52 logger.go:21: Received get task request
INFO: 2025/05/12 01:05:52 logger.go:21: No ready operations found
INFO: 2025/05/12 01:05:55 logger.go:21: Received get task request
INFO: 2025/05/12 01:05:55 logger.go:21: No ready operations found
INFO: 2025/05/12 01:05:57 logger.go:21: Received get expressions request
INFO: 2025/05/12 01:05:58 logger.go:21: Received get task request
INFO: 2025/05/12 01:05:58 logger.go:21: No ready operations found
INFO: 2025/05/12 01:06:01 logger.go:21: Received get task request
INFO: 2025/05/12 01:06:01 logger.go:21: No ready operations found
INFO: 2025/05/12 01:06:04 logger.go:21: Received get task request
INFO: 2025/05/12 01:06:04 logger.go:21: No ready operations found
INFO: 2025/05/12 01:06:07 logger.go:21: Received get task request
INFO: 2025/05/12 01:06:07 logger.go:21: No ready operations found
INFO: 2025/05/12 01:06:10 logger.go:21: Received get task request
INFO: 2025/05/12 01:06:10 logger.go:21: No ready operations found
INFO: 2025/05/12 01:06:13 logger.go:21: Received get task request
INFO: 2025/05/12 01:06:13 logger.go:21: No ready operations found
INFO: 2025/05/12 01:06:16 logger.go:21: Received get task request
INFO: 2025/05/12 01:06:16 logger.go:21: No ready operations found
INFO: 2025/05/12 01:06:19 logger.go:21: Received get task request
INFO: 2025/05/12 01:06:19 logger.go:21: No ready operations found
INFO: 2025/05/12 01:06:22 logger.go:21: Received get task request
INFO: 2025/05/12 01:06:22 logger.go:21: No ready operations found
INFO: 2025/05/12 01:06:25 logger.go:21: Received get task request
INFO: 2025/05/12 01:06:25 logger.go:21: No ready operations found
INFO: 2025/05/12 01:06:28 logger.go:21: Received get task request
INFO: 2025/05/12 01:06:28 logger.go:21: No ready operations found
INFO: 2025/05/12 01:06:31 logger.go:21: Received get task request
INFO: 2025/05/12 01:06:31 logger.go:21: No ready operations found
INFO: 2025/05/12 01:06:34 logger.go:21: Received get task request
INFO: 2025/05/12 01:06:34 logger.go:21: No ready operations found
INFO: 2025/05/12 01:06:37 logger.go:21: Received get task request
INFO: 2025/05/12 01:06:37 logger.go:21: No ready operations found
INFO: 2025/05/12 01:06:40 logger.go:21: Received get task request
INFO: 2025/05/12 01:06:40 logger.go:21: No ready operations found
INFO: 2025/05/12 01:06:43 logger.go:21: Received get task request
INFO: 2025/05/12 01:06:43 logger.go:21: No ready operations found
INFO: 2025/05/12 01:06:46 logger.go:21: Received get task request
INFO: 2025/05/12 01:06:46 logger.go:21: No ready operations found
INFO: 2025/05/12 01:06:49 logger.go:21: Received get task request
INFO: 2025/05/12 01:06:49 logger.go:21: No ready operations found
INFO: 2025/05/12 01:06:52 logger.go:21: Received get task request
INFO: 2025/05/12 01:06:52 logger.go:21: No ready operations found
INFO: 2025/05/12 01:06:55 logger.go:21: Received get task request
INFO: 2025/05/12 01:06:55 logger.go:21: No ready operations found
INFO: 2025/05/12 01:06:58 logger.go:21: Received get task request
INFO: 2025/05/12 01:06:58 logger.go:21: No ready operations found
INFO: 2025/05/12 01:07:01 logger.go:21: Received get task request
INFO: 2025/05/12 01:07:01 logger.go:21: No ready operations found
INFO: 2025/05/12 01:07:03 logger.go:21: Received calculate request: 2+2*(1+7)/(2*2)/(2-2)
INFO: 2025/05/12 01:07:04 logger.go:21: Received get task request
INFO: 2025/05/12 01:07:04 logger.go:21: Operation args: left=1, right=7
INFO: 2025/05/12 01:07:04 logger.go:21: Operation time: 5s
INFO: 2025/05/12 01:07:04 logger.go:21: Successfully created task response. Task: {{7 1 7 + 5s}}
INFO: 2025/05/12 01:07:07 logger.go:21: Received get expressions request
INFO: 2025/05/12 01:07:07 logger.go:21: Received get task request
INFO: 2025/05/12 01:07:07 logger.go:21: Operation args: left=2, right=2
INFO: 2025/05/12 01:07:07 logger.go:21: Operation time: 300ms
INFO: 2025/05/12 01:07:07 logger.go:21: Successfully created task response. Task: {{8 2 2 * 300ms}}
INFO: 2025/05/12 01:07:07 logger.go:21: Received post task result request
INFO: 2025/05/12 01:07:07 logger.go:21: Successfully decoded task result: {8 4 nil}. Task id: 8
INFO: 2025/05/12 01:07:07 logger.go:21: Successfully processed task result. Task ID: 8, Result: 4
INFO: 2025/05/12 01:07:08 logger.go:21: Received get expressions request
INFO: 2025/05/12 01:07:09 logger.go:21: Received get expressions request
INFO: 2025/05/12 01:07:09 logger.go:21: Received post task result request
INFO: 2025/05/12 01:07:09 logger.go:21: Successfully decoded task result: {7 8 nil}. Task id: 7
INFO: 2025/05/12 01:07:09 logger.go:21: Successfully processed task result. Task ID: 7, Result: 8
INFO: 2025/05/12 01:07:09 logger.go:21: Received get expressions request
INFO: 2025/05/12 01:07:10 logger.go:21: Received get task request
INFO: 2025/05/12 01:07:10 logger.go:21: Operation args: left=2, right=8
INFO: 2025/05/12 01:07:10 logger.go:21: Operation time: 300ms
INFO: 2025/05/12 01:07:10 logger.go:21: Successfully created task response. Task: {{6 2 8 * 300ms}}
INFO: 2025/05/12 01:07:10 logger.go:21: Received post task result request
INFO: 2025/05/12 01:07:10 logger.go:21: Successfully decoded task result: {6 16 nil}. Task id: 6
INFO: 2025/05/12 01:07:10 logger.go:21: Successfully processed task result. Task ID: 6, Result: 16
INFO: 2025/05/12 01:07:10 logger.go:21: Received get expressions request
INFO: 2025/05/12 01:07:11 logger.go:21: Received get expressions request
INFO: 2025/05/12 01:07:12 logger.go:21: Received get expressions request
INFO: 2025/05/12 01:07:13 logger.go:21: Received get expressions request
INFO: 2025/05/12 01:07:13 logger.go:21: Received get task request
INFO: 2025/05/12 01:07:13 logger.go:21: Operation args: left=16, right=4
INFO: 2025/05/12 01:07:13 logger.go:21: Operation time: 400ms
INFO: 2025/05/12 01:07:13 logger.go:21: Successfully created task response. Task: {{5 16 4 / 400ms}}
INFO: 2025/05/12 01:07:13 logger.go:21: Received post task result request
INFO: 2025/05/12 01:07:13 logger.go:21: Successfully decoded task result: {5 4 nil}. Task id: 5
INFO: 2025/05/12 01:07:13 logger.go:21: Successfully processed task result. Task ID: 5, Result: 4
INFO: 2025/05/12 01:07:13 logger.go:21: Received get expressions request
INFO: 2025/05/12 01:07:14 logger.go:21: Received get expressions request
INFO: 2025/05/12 01:07:15 logger.go:21: Received get expressions request
INFO: 2025/05/12 01:07:16 logger.go:21: Received get expressions request
INFO: 2025/05/12 01:07:16 logger.go:21: Received get task request
INFO: 2025/05/12 01:07:16 logger.go:21: Operation args: left=2, right=2
INFO: 2025/05/12 01:07:16 logger.go:21: Operation time: 200ms
INFO: 2025/05/12 01:07:16 logger.go:21: Successfully created task response. Task: {{9 2 2 - 200ms}}
INFO: 2025/05/12 01:07:16 logger.go:21: Received post task result request
INFO: 2025/05/12 01:07:16 logger.go:21: Successfully decoded task result: {9 0 nil}. Task id: 9
INFO: 2025/05/12 01:07:16 logger.go:21: Successfully processed task result. Task ID: 9, Result: 0
INFO: 2025/05/12 01:07:16 logger.go:21: Received get expressions request
INFO: 2025/05/12 01:07:17 logger.go:21: Received get expressions request
INFO: 2025/05/12 01:07:18 logger.go:21: Received get expressions request
INFO: 2025/05/12 01:07:19 logger.go:21: Received get task request
INFO: 2025/05/12 01:07:19 logger.go:21: Operation args: left=4, right=0
INFO: 2025/05/12 01:07:19 logger.go:21: Operation time: 400ms
INFO: 2025/05/12 01:07:19 logger.go:21: Successfully created task response. Task: {{4 4 0 / 400ms}}
INFO: 2025/05/12 01:07:19 logger.go:21: Received get expressions request
INFO: 2025/05/12 01:07:19 logger.go:21: Received post task result request
INFO: 2025/05/12 01:07:19 logger.go:21: Successfully decoded task result: {4 0 division by zero}. Task id: 4
INFO: 2025/05/12 01:07:19 logger.go:21: Successfully processed task result. Task ID: 4, Result: 0
INFO: 2025/05/12 01:07:20 logger.go:21: Received get expressions request
INFO: 2025/05/12 01:07:21 logger.go:21: Received get expressions request
INFO: 2025/05/12 01:07:21 logger.go:21: Received get expressions request
INFO: 2025/05/12 01:07:22 logger.go:21: Received get task request
INFO: 2025/05/12 01:07:22 logger.go:21: No ready operations found
INFO: 2025/05/12 01:07:22 logger.go:21: Received get expressions request
INFO: 2025/05/12 01:07:23 logger.go:21: Received get expressions request
INFO: 2025/05/12 01:07:25 logger.go:21: Received get task request
INFO: 2025/05/12 01:07:25 logger.go:21: No ready operations found
INFO: 2025/05/12 01:07:28 logger.go:21: Received get task request
INFO: 2025/05/12 01:07:28 logger.go:21: No ready operations found
INFO: 2025/05/12 01:07:31 logger.go:21: Received get task request
INFO: 2025/05/12 01:07:31 logger.go:21: No ready operations found
INFO: 2025/05/12 01:07:34 logger.go:21: Received get task request
INFO: 2025/05/12 01:07:34 logger.go:21: No ready operations found
INFO: 2025/05/12 01:07:37 logger.go:21: Received get task request
INFO: 2025/05/12 01:07:37 logger.go:21: No ready operations found
INFO: 2025/05/12 01:07:40 logger.go:21: Received get task request
INFO: 2025/05/12 01:07:40 logger.go:21: No ready operations found
INFO: 2025/05/12 01:07:43 logger.go:21: Received get task request
INFO: 2025/05/12 01:07:43 logger.go:21: No ready operations found
INFO: 2025/05/12 01:07:46 logger.go:21: Received get task request
INFO: 2025/05/12 01:07:46 logger.go:21: No ready operations found
INFO: 2025/05/12 01:07:49 logger.go:21: Received get task request
INFO: 2025/05/12 01:07:49 logger.go:21: No ready operations found
INFO: 2025/05/12 01:07:52 logger.go:21: Received get task request
INFO: 2025/05/12 01:07:52 logger.go:21: No ready operations found
INFO: 2025/05/12 01:07:55 logger.go:21: Received get task request
INFO: 2025/05/12 01:07:55 logger.go:21: No ready operations found
INFO: 2025/05/12 01:07:58 logger.go:21: Received get task request
INFO: 2025/05/12 01:07:58 logger.go:21: No ready operations found
INFO: 2025/05/12 01:08:01 logger.go:21: Received get task request
INFO: 2025/05/12 01:08:01 logger.go:21: No ready operations found
INFO: 2025/05/12 01:08:04 logger.go:21: Received get task request
INFO: 2025/05/12 01:08:04 logger.go:21: No ready operations found
INFO: 2025/05/12 01:08:07 logger.go:21: Received get task request
INFO: 2025/05/12 01:08:07 logger.go:21: No ready operations found
INFO: 2025/05/12 01:08:10 logger.go:21: Received get task request
INFO: 2025/05/12 01:08:10 logger.go:21: No ready operations found
INFO: 2025/05/12 01:08:13 logger.go:21: Received get task request
INFO: 2025/05/12 01:08:13 logger.go:21: No ready operations found
INFO: 2025/05/12 01:08:16 logger.go:21: Received get task request
INFO: 2025/05/12 01:08:16 logger.go:21: No ready operations found
INFO: 2025/05/12 01:08:30 main.go:50: Orchestrator server started on port 8080
INFO: 2025/05/12 01:08:41 logger.go:21: Received get task request
INFO: 2025/05/12 01:08:41 logger.go:21: No ready operations found
INFO: 2025/05/12 01:08:44 logger.go:21: Received get task request
INFO: 2025/05/12 01:08:44 logger.go:21: No ready operations found
INFO: 2025/05/12 01:08:47 logger.go:21: Received get task request
INFO: 2025/05/12 01:08:47 logger.go:21: No ready operations found
INFO: 2025/05/12 01:08:50 logger.go:21: Received get task request
INFO: 2025/05/12 01:08:50 logger.go:21: No ready operations found
INFO: 2025/05/12 01:08:53 logger.go:21: Received get task request
INFO: 2025/05/12 01:08:53 logger.go:21: No ready operations found
INFO: 2025/05/12 01:08:56 logger.go:21: Received get task request
INFO: 2025/05/12 01:08:56 logger.go:21: No ready operations found
INFO: 2025/05/12 01:08:59 logger.go:21: Received get task request
INFO: 2025/05/12 01:08:59 logger.go:21: No ready operations found
INFO: 2025/05/12 01:09:00 logger.go:21: Received calculate request: incorrect expression
INFO: 2025/05/12 01:09:00 logger.go:21: Error after ParseExpr: 1:11: expected 'EOF', found expression
ERROR: 2025/05/12 01:09:00 logger.go:28: Invalid expression: invalid expression
INFO: 2025/05/12 01:09:02 logger.go:21: Received get task request
INFO: 2025/05/12 01:09:02 logger.go:21: No ready operations found
INFO: 2025/05/12 01:09:05 logger.go:21: Received get task request
INFO: 2025/05/12 01:09:05 logger.go:21: No ready operations found
INFO: 2025/05/12 01:09:08 logger.go:21: Received get task request
INFO: 2025/05/12 01:09:08 logger.go:21: No ready operations found
INFO: 2025/05/12 01:09:11 logger.go:21: Received get task request
INFO: 2025/05/12 01:09:11 logger.go:21: No ready operations found
INFO: 2025/05/12 01:09:14 logger.go:21: Received get task request
INFO: 2025/05/12 01:09:14 logger.go:21: No ready operations found
INFO: 2025/05/12 01:09:17 logger.go:21: Received get task request
INFO: 2025/05/12 01:09:17 logger.go:21: No ready operations found
INFO: 2025/05/12 01:09:20 logger.go:21: Received get task request
INFO: 2025/05/12 01:09:20 logger.go:21: No ready operations found
INFO: 2025/05/12 01:09:23 logger.go:21: Received get task request
INFO: 2025/05/12 01:09:23 logger.go:21: No ready operations found
INFO: 2025/05/12 01:09:26 logger.go:21: Received get task request
INFO: 2025/05/12 01:09:26 logger.go:21: No ready operations found
INFO: 2025/05/12 01:09:29 logger.go:21: Received get task request
INFO: 2025/05/12 01:09:29 logger.go:21: No ready operations found
INFO: 2025/05/12 01:09:30 logger.go:21: Received calculate request: (((2)))
INFO: 2025/05/12 01:09:32 logger.go:21: Received get task request
INFO: 2025/05/12 01:09:32 logger.go:21: No ready operations found
INFO: 2025/05/12 01:09:35 logger.go:21: Received get task request
INFO: 2025/05/12 01:09:35 logger.go:21: No ready operations found
INFO: 2025/05/12 01:09:38 logger.go:21: Received get expressions request
INFO: 2025/05/12 01:09:38 logger.go:21: Received get task request
INFO: 2025/05/12 01:09:38 logger.go:21: No ready operations found
INFO: 2025/05/12 01:09:41 logger.go:21: Received get task request
INFO: 2025/05/12 01:09:41 logger.go:21: No ready operations found
INFO: 2025/05/12 01:09:44 logger.go:21: Received get task request
INFO: 2025/05/12 01:09:44 logger.go:21: No ready operations found
INFO: 2025/05/12 01:09:47 logger.go:21: Received get task request
INFO: 2025/05/12 01:09:47 logger.go:21: No ready operations found
INFO: 2025/05/12 04:40:33 main.go:50: Orchestrator server started on port 8080
INFO: 2025/05/12 04:40:35 main.go:50: Orchestrator server started on port 8080
INFO: 2025/05/12 04:40:44 logger.go:21: Received get task request
INFO: 2025/05/12 04:40:44 logger.go:21: No ready operations found
INFO: 2025/05/12 04:40:47 logger.go:21: Received get task request
INFO: 2025/05/12 04:40:47 logger.go:21: No ready operations found
INFO: 2025/05/12 04:40:50 logger.go:21: Received get task request
INFO: 2025/05/12 04:40:50 logger.go:21: No ready operations found
INFO: 2025/05/12 04:40:53 logger.go:21: Received get task request
INFO: 2025/05/12 04:40:53 logger.go:21: No ready operations found
INFO: 2025/05/12 04:40:56 logger.go:21: Received get task request
INFO: 2025/05/12 04:40:56 logger.go:21: No ready operations found
INFO: 2025/05/12 04:40:59 logger.go:21: Received get task request
INFO: 2025/05/12 04:40:59 logger.go:21: No ready operations found
INFO: 2025/05/12 04:41:02 logger.go:21: Received get task request
INFO: 2025/05/12 04:41:02 logger.go:21: No ready operations found
INFO: 2025/05/12 04:41:05 logger.go:21: Received get task request
INFO: 2025/05/12 04:41:05 logger.go:21: No ready operations found
INFO: 2025/05/12 04:41:08 logger.go:21: Received get task request
INFO: 2025/05/12 04:41:08 logger.go:21: No ready operations found
INFO: 2025/05/12 04:41:11 logger.go:21: Received get task request
INFO: 2025/05/12 04:41:11 logger.go:21: No ready operations found
INFO: 2025/05/12 04:41:14 logger.go:21: Received get task request
INFO: 2025/05/12 04:41:14 logger.go:21: No ready operations found
INFO: 2025/05/12 04:41:17 logger.go:21: Received get task request
INFO: 2025/05/12 04:41:17 logger.go:21: No ready operations found
INFO: 2025/05/12 04:41:20 logger.go:21: Received get task request
INFO: 2025/05/12 04:41:20 logger.go:21: No ready operations found
INFO: 2025/05/12 04:41:23 logger.go:21: Received get task request
INFO: 2025/05/12 04:41:23 logger.go:21: No ready operations found
INFO: 2025/05/12 04:41:23 logger.go:21: Received calculate request: 2 + 2 * 2
INFO: 2025/05/12 04:41:26 logger.go:21: Received get task request
INFO: 2025/05/12 04:41:26 logger.go:21: Operation args: left=2, right=2
INFO: 2025/05/12 04:41:26 logger.go:21: Operation time: 300ms
INFO: 2025/05/12 04:41:26 logger.go:21: Successfully created task response. Task: {{2 2 2 * 300ms}}
INFO: 2025/05/12 04:41:26 logger.go:21: Received post task result request
INFO: 2025/05/12 04:41:26 logger.go:21: Successfully decoded task result: {2 4 nil}. Task id: 2
INFO: 2025/05/12 04:41:26 logger.go:21: Successfully processed task result. Task ID: 2, Result: 4
INFO: 2025/05/12 04:41:29 logger.go:21: Received get task request
INFO: 2025/05/12 04:41:29 logger.go:21: Operation args: left=2, right=4
INFO: 2025/05/12 04:41:29 logger.go:21: Operation time: 5s
INFO: 2025/05/12 04:41:29 logger.go:21: Successfully created task response. Task: {{1 2 4 + 5s}}
INFO: 2025/05/12 04:41:32 logger.go:21: Received get task request
INFO: 2025/05/12 04:41:32 logger.go:21: No ready operations found
INFO: 2025/05/12 04:41:34 logger.go:21: Received post task result request
INFO: 2025/05/12 04:41:34 logger.go:21: Successfully decoded task result: {1 6 nil}. Task id: 1
INFO: 2025/05/12 04:41:34 logger.go:21: Root operation completed, updating expression result
INFO: 2025/05/12 04:41:34 logger.go:21: Successfully processed task result. Task ID: 1, Result: 6
INFO: 2025/05/12 04:41:35 logger.go:21: Received get task request
INFO: 2025/05/12 04:41:35 logger.go:21: No ready operations found
INFO: 2025/05/12 04:41:38 logger.go:21: Received get task request
INFO: 2025/05/12 04:41:38 logger.go:21: No ready operations found
INFO: 2025/05/12 04:41:41 logger.go:21: Received get task request
INFO: 2025/05/12 04:41:41 logger.go:21: No ready operations found
INFO: 2025/05/12 04:41:44 logger.go:21: Received get task request
INFO: 2025/05/12 04:41:44 logger.go:21: No ready operations found
INFO: 2025/05/12 04:41:45 logger.go:21: Received get expressions request
INFO: 2025/05/12 04:41:47 logger.go:21: Received get task request
INFO: 2025/05/12 04:41:47 logger.go:21: No ready operations found
INFO: 2025/05/12 04:41:50 logger.go:21: Received get task request
INFO: 2025/05/12 04:41:50 logger.go:21: No ready operations found
INFO: 2025/05/12 04:41:51 logger.go:21: Received get expressions request
INFO: 2025/05/12 04:41:53 logger.go:21: Received get task request
INFO: 2025/05/12 04:41:53 logger.go:21: No ready operations found
INFO: 2025/05/12 04:41:56 logger.go:21: Received get task request
INFO: 2025/05/12 04:41:56 logger.go:21: No ready operations found
INFO: 2025/05/12 04:41:59 logger.go:21: Received get task request
INFO: 2025/05/12 04:41:59 logger.go:21: No ready operations found
INFO: 2025/05/12 04:41:59 logger.go:21: Received get expressions request
INFO: 2025/05/12 04:42:02 logger.go:21: Received get expressions request
INFO: 2025/05/12 04:42:02 logger.go:21: Received get task request
INFO: 2025/05/12 04:42:02 logger.go:21: No ready operations found
INFO: 2025/05/12 04:42:04 logger.go:21: Received get expressions request
INFO: 2025/05/12 04:42:05 logger.go:21: Received get expressions request
INFO: 2025/05/12 04:42:05 logger.go:21: Received get task request
INFO: 2025/05/12 04:42:05 logger.go:21: No ready operations found
INFO: 2025/05/12 04:42:06 logger.go:21: Received get expressions request
INFO: 2025/05/12 04:42:06 logger.go:21: Received get expressions request
INFO: 2025/05/12 04:42:07 logger.go:21: Received get expressions request
INFO: 2025/05/12 04:42:08 logger.go:21: Received get task request
INFO: 2025/05/12 04:42:08 logger.go:21: No ready operations found
INFO: 2025/05/12 04:42:11 logger.go:21: Received get task request
INFO: 2025/05/12 04:42:11 logger.go:21: No ready operations found
INFO: 2025/05/12 04:42:14 logger.go:21: Received get task request
INFO: 2025/05/12 04:42:14 logger.go:21: No ready operations found
INFO: 2025/05/12 04:42:17 logger.go:21: Received get task request
INFO: 2025/05/12 04:42:17 logger.go:21: No ready operations found
INFO: 2025/05/12 04:42:20 logger.go:21: Received get task request
INFO: 2025/05/12 04:42:20 logger.go:21: No ready operations found
INFO: 2025/05/12 04:42:23 logger.go:21: Received get task request
INFO: 2025/05/12 04:42:23 logger.go:21: No ready operations found
INFO: 2025/05/12 04:42:26 logger.go:21: Received get task request
INFO: 2025/05/12 04:42:26 logger.go:21: No ready operations found
INFO: 2025/05/12 04:42:29 logger.go:21: Received get task request
INFO: 2025/05/12 04:42:29 logger.go:21: No ready operations found
